<?xml version="1.0" encoding="UTF-8"?>
<!-- Generated by org.testng.reporters.JUnitReportReporter -->
<testsuite hostname="DESKTOP-CU5DURS" failures="0" tests="1" name="practice.AutomateMaximumRuns" time="12.630" errors="0" timestamp="12 Oct 2022 07:23:40 GMT" skipped="0">
  <testcase classname="practice.AutomateMaximumRuns" name="runs" time="12.630"/>
</testsuite> <!-- practice.AutomateMaximumRuns -->
