<?xml version="1.0" encoding="UTF-8"?>
<!-- Generated by org.testng.reporters.JUnitReportReporter -->
<testsuite hostname="DESKTOP-CU5DURS" failures="0" tests="1" name="com.crm.Contacts.ToVerifycontactsTest" time="15.708" errors="0" timestamp="11 Aug 2022 07:07:57 GMT" skipped="0">
  <testcase classname="com.crm.Contacts.ToVerifycontactsTest" name="toVerifycontactsTest" time="15.708"/>
</testsuite> <!-- com.crm.Contacts.ToVerifycontactsTest -->
