<?xml version="1.0" encoding="UTF-8"?>
<!-- Generated by org.testng.reporters.JUnitReportReporter -->
<testsuite hostname="DESKTOP-CU5DURS" failures="0" tests="1" name="com.crm.Contacts.ToContactVerifyTest" time="23.566" errors="0" timestamp="11 Aug 2022 07:02:51 GMT" skipped="0">
  <testcase classname="com.crm.Contacts.ToContactVerifyTest" name="toContactVerifyTest" time="23.566"/>
</testsuite> <!-- com.crm.Contacts.ToContactVerifyTest -->
