<?xml version="1.0" encoding="UTF-8"?>
<!-- Generated by org.testng.reporters.JUnitReportReporter -->
<testsuite hostname="DESKTOP-CU5DURS" failures="0" tests="3" name="com.crm.DataProvider.CreatedataproviderFetchdataInexcelSheetTest" time="0.031" errors="0" timestamp="26 Sep 2022 15:55:51 GMT" skipped="0">
  <testcase classname="com.crm.DataProvider.CreatedataproviderFetchdataInexcelSheetTest" name="bookTicketTest" time="0.017"/>
  <testcase classname="com.crm.DataProvider.CreatedataproviderFetchdataInexcelSheetTest" name="bookTicketTest" time="0.003"/>
  <testcase classname="com.crm.DataProvider.CreatedataproviderFetchdataInexcelSheetTest" name="bookTicketTest" time="0.011"/>
</testsuite> <!-- com.crm.DataProvider.CreatedataproviderFetchdataInexcelSheetTest -->
