<?xml version="1.0" encoding="UTF-8"?>
<!-- Generated by org.testng.reporters.JUnitReportReporter -->
<testsuite hostname="DESKTOP-CU5DURS" failures="0" tests="1" name="com.crm.Testcase.AutomateVtigerTest" time="28.640" errors="0" timestamp="12 Aug 2022 07:20:38 GMT" skipped="0">
  <testcase classname="com.crm.Testcase.AutomateVtigerTest" name="automateVtigerTest" time="28.640"/>
</testsuite> <!-- com.crm.Testcase.AutomateVtigerTest -->
