<?xml version="1.0" encoding="UTF-8"?>
<!-- Generated by org.testng.reporters.JUnitReportReporter -->
<testsuite hostname="DESKTOP-CU5DURS" failures="0" tests="1" name="com.crm.Organisation.OragnisationInduTypeTestTest" time="0.024" errors="0" timestamp="05 Aug 2022 09:34:44 GMT" skipped="0">
  <testcase classname="com.crm.Organisation.OragnisationInduTypeTestTest" name="f" time="0.024"/>
</testsuite> <!-- com.crm.Organisation.OragnisationInduTypeTestTest -->
