<?xml version="1.0" encoding="UTF-8"?>
<!-- Generated by org.testng.reporters.JUnitReportReporter -->
<testsuite hostname="DESKTOP-CU5DURS" failures="0" tests="1" name="com.crm.Organisation.OragnisationInduTypeTest" time="21.170" errors="0" timestamp="09 Aug 2022 09:42:00 GMT" skipped="0">
  <testcase classname="com.crm.Organisation.OragnisationInduTypeTest" name="oragnisationInduTypeTest" time="21.170"/>
</testsuite> <!-- com.crm.Organisation.OragnisationInduTypeTest -->
