<?xml version="1.0" encoding="UTF-8"?>
<!-- Generated by org.testng.reporters.JUnitReportReporter -->
<testsuite hostname="DESKTOP-CU5DURS" failures="0" tests="1" name="com.crm.DynamicXpath.MicPopupTest" time="60.054" errors="0" timestamp="28 Sep 2022 10:55:29 GMT" skipped="0">
  <testcase classname="com.crm.DynamicXpath.MicPopupTest" name="micpopup" time="60.054"/>
</testsuite> <!-- com.crm.DynamicXpath.MicPopupTest -->
