<?xml version="1.0" encoding="UTF-8"?>
<!-- Generated by org.testng.reporters.JUnitReportReporter -->
<testsuite hostname="DESKTOP-CU5DURS" failures="0" tests="1" name="com.crm.DynamicXpath.TofetchAllflipcartpricesTest" time="74.698" errors="0" timestamp="26 Sep 2022 06:10:45 GMT" skipped="0">
  <testcase classname="com.crm.DynamicXpath.TofetchAllflipcartpricesTest" name="Getallprices" time="74.698"/>
</testsuite> <!-- com.crm.DynamicXpath.TofetchAllflipcartpricesTest -->
