<?xml version="1.0" encoding="UTF-8"?>
<!-- Generated by org.testng.reporters.JUnitReportReporter -->
<testsuite hostname="DESKTOP-CU5DURS" failures="0" tests="1" name="com.crm.DynamicXpath.GoogleTajhotelAutosuggations" time="5.589" errors="0" timestamp="04 Oct 2022 08:10:47 GMT" skipped="0">
  <testcase classname="com.crm.DynamicXpath.GoogleTajhotelAutosuggations" name="autosuggations" time="5.589"/>
</testsuite> <!-- com.crm.DynamicXpath.GoogleTajhotelAutosuggations -->
