<?xml version="1.0" encoding="UTF-8"?>
<!-- Generated by org.testng.reporters.JUnitReportReporter -->
<testsuite hostname="DESKTOP-CU5DURS" failures="0" tests="10" name="com.crm.DynamicXpath.TofetchIccRatingsTest" time="296.808" errors="0" timestamp="27 Sep 2022 05:20:10 GMT" skipped="0">
  <testcase classname="com.crm.DynamicXpath.TofetchIccRatingsTest" name="iccRatings" time="16.631"/>
  <testcase classname="com.crm.DynamicXpath.TofetchIccRatingsTest" name="iccRatings" time="51.089"/>
  <testcase classname="com.crm.DynamicXpath.TofetchIccRatingsTest" name="iccRatings" time="17.848"/>
  <testcase classname="com.crm.DynamicXpath.TofetchIccRatingsTest" name="iccRatings" time="43.826"/>
  <testcase classname="com.crm.DynamicXpath.TofetchIccRatingsTest" name="iccRatings" time="25.687"/>
  <testcase classname="com.crm.DynamicXpath.TofetchIccRatingsTest" name="iccRatings" time="37.029"/>
  <testcase classname="com.crm.DynamicXpath.TofetchIccRatingsTest" name="iccRatings" time="12.675"/>
  <testcase classname="com.crm.DynamicXpath.TofetchIccRatingsTest" name="iccRatings" time="34.306"/>
  <testcase classname="com.crm.DynamicXpath.TofetchIccRatingsTest" name="iccRatings" time="31.025"/>
  <testcase classname="com.crm.DynamicXpath.TofetchIccRatingsTest" name="iccRatings" time="26.692"/>
</testsuite> <!-- com.crm.DynamicXpath.TofetchIccRatingsTest -->
