<?xml version="1.0" encoding="UTF-8"?>
<!-- Generated by org.testng.reporters.JUnitReportReporter -->
<testsuite hostname="DESKTOP-CU5DURS" failures="0" tests="1" name="practice.AutomateFindMaximumWicketTaker" time="13.730" errors="0" timestamp="12 Oct 2022 06:26:28 GMT" skipped="0">
  <testcase classname="practice.AutomateFindMaximumWicketTaker" name="maximumWicket" time="13.730"/>
</testsuite> <!-- practice.AutomateFindMaximumWicketTaker -->
