<?xml version="1.0" encoding="UTF-8"?>
<!-- Generated by org.testng.reporters.JUnitReportReporter -->
<testsuite hostname="DESKTOP-CU5DURS" failures="0" tests="3" name="testng.PractiseTest" time="0.025" errors="0" timestamp="2022-07-18T15:16:53 IST" skipped="0">
  <testcase classname="testng.PractiseTest" name="practice" time="0.021"/>
  <system-out/>
  <testcase classname="testng.PractiseTest" name="practice1" time="0.002"/>
  <system-out/>
  <testcase classname="testng.PractiseTest" name="practice2" time="0.002"/>
  <system-out/>
</testsuite> <!-- testng.PractiseTest -->
